{"/Users/RebeccaReed/Sites/ci-tools-workshop/Gruntfile.js":{"path":"/Users/RebeccaReed/Sites/ci-tools-workshop/Gruntfile.js","s":{"1":1,"2":1,"3":1,"4":1,"5":1,"6":1,"7":1},"b":{},"f":{"1":1},"fnMap":{"1":{"name":"(anonymous_1)","line":3,"loc":{"start":{"line":3,"column":17},"end":{"line":3,"column":33}}}},"statementMap":{"1":{"start":{"line":3,"column":0},"end":{"line":51,"column":2}},"2":{"start":{"line":4,"column":4},"end":{"line":4,"column":39}},"3":{"start":{"line":5,"column":4},"end":{"line":5,"column":42}},"4":{"start":{"line":6,"column":4},"end":{"line":6,"column":43}},"5":{"start":{"line":7,"column":4},"end":{"line":7,"column":47}},"6":{"start":{"line":9,"column":4},"end":{"line":48,"column":7}},"7":{"start":{"line":50,"column":4},"end":{"line":50,"column":86}}},"branchMap":{}}}